[11Jun2025 08:58:53.859] [main/INFO] [cpw.mods.modlauncher.Launcher/MODLAUNCHER]: ModLauncher running: args [--mod, flowerseeds2aether, --all, --output, /home/trhod17/Desktop/modding/flowerseeds2-1.21.1/FlowerSeedsWorkspace/modules/FlowerSeedsAether/src/generated/resources, --existing, /home/trhod17/Desktop/modding/flowerseeds2-1.21.1/FlowerSeedsWorkspace/modules/FlowerSeedsAether/src/main/resources, --existing-mod, flowerseeds2, --existing-mod, aether, --launchTarget, forgedatadev, --assetIndex, asset-index, --assetsDir, /home/trhod17/.gradle/caches/minecraft/assets, --gameDir, ., --fml.fmlVersion, 4.0.39, --fml.mcVersion, 1.21.1, --fml.neoForgeVersion, 21.1.169, --fml.neoFormVersion, 20240808.144430]
[11Jun2025 08:58:53.861] [main/INFO] [cpw.mods.modlauncher.Launcher/MODLAUNCHER]: JVM identified as Arch Linux OpenJDK 64-Bit Server VM 21.0.7+6
[11Jun2025 08:58:53.862] [main/INFO] [cpw.mods.modlauncher.Launcher/MODLAUNCHER]: ModLauncher 11.0.4+main.d2e20e43 starting: java version 21.0.7 by Arch Linux; OS Linux arch amd64 version 6.14.10-zen1-1-zen
[11Jun2025 08:58:53.901] [main/WARN] [net.neoforged.fml.loading.FMLConfig/CORE]: Configuration file /home/trhod17/Desktop/modding/flowerseeds2-1.21.1/FlowerSeedsWorkspace/modules/FlowerSeedsAether/runs/data/config/fml.toml is not correct. Correcting
[11Jun2025 08:58:53.914] [main/INFO] [net.neoforged.fml.loading.ImmediateWindowHandler/]: ImmediateWindowProvider not loading because launch target is forgedatadev
[11Jun2025 08:58:53.938] [main/INFO] [mixin/]: SpongePowered MIXIN Subsystem Version=0.8.7 Source=union:/home/trhod17/.gradle/caches/modules-2/files-2.1/net.fabricmc/sponge-mixin/0.15.2+mixin.0.8.7/2af2f021d8e02a0220dc27a7a72b4666d66d44ca/sponge-mixin-0.15.2+mixin.0.8.7.jar%23130!/ Service=ModLauncher Env=CLIENT
[11Jun2025 08:58:53.941] [main/WARN] [net.neoforged.fml.loading.FMLConfig/CORE]: Configuration file /home/trhod17/Desktop/modding/flowerseeds2-1.21.1/FlowerSeedsWorkspace/modules/FlowerSeedsAether/runs/data/config/fml.toml is not correct. Correcting
[11Jun2025 08:58:54.003] [main/INFO] [net.neoforged.fml.loading.moddiscovery.ModDiscoverer/SCAN]: Found mod file "neoforge-21.1.169.jar" [locator: neoforge devenv provider ([/home/trhod17/Desktop/modding/flowerseeds2-1.21.1/FlowerSeedsWorkspace/modules/FlowerSeedsAether/.gradle/repositories/ng_dummy_ng/net/neoforged/neoforge/21.1.169/neoforge-21.1.169.jar])]
[11Jun2025 08:58:54.015] [main/INFO] [net.neoforged.fml.loading.moddiscovery.ModDiscoverer/SCAN]: Found mod file "neoforge-21.1.169.jar" [locator: neoforge devenv provider ([/home/trhod17/Desktop/modding/flowerseeds2-1.21.1/FlowerSeedsWorkspace/modules/FlowerSeedsAether/.gradle/repositories/ng_dummy_ng/net/neoforged/neoforge/21.1.169/neoforge-21.1.169.jar])]
[11Jun2025 08:58:54.021] [main/INFO] [net.neoforged.fml.loading.moddiscovery.ModDiscoverer/SCAN]: Found mod file "main" [locator: userdev mods and services, reader: mod manifest]
[11Jun2025 08:58:54.026] [main/INFO] [net.neoforged.fml.loading.moddiscovery.ModDiscoverer/SCAN]: Found mod file "neoforge-21.1.169.jar" [locator: userdev mods and services, reader: mod manifest]
[11Jun2025 08:58:54.027] [main/INFO] [net.neoforged.fml.loading.moddiscovery.ModDiscoverer/SCAN]: Found mod file "flowerseeds2-1.21.1-3.2.1.jar" [locator: userdev mods and services, reader: mod manifest]
[11Jun2025 08:58:54.030] [main/INFO] [net.neoforged.fml.loading.moddiscovery.ModDiscoverer/SCAN]: Found mod file "aether-1.21.1-1.5.8-neoforge.jar" [locator: userdev mods and services, reader: mod manifest]
[11Jun2025 08:58:54.042] [main/INFO] [net.neoforged.fml.loading.moddiscovery.ModDiscoverer/SCAN]: Found mod file "owo-lib-532610-6416633.jar" [locator: userdev mods and services, reader: mod manifest]
[11Jun2025 08:58:54.048] [main/INFO] [net.neoforged.fml.loading.moddiscovery.ModDiscoverer/SCAN]: Found gamelibrary file "mixinextras-neoforge-0.4.1.jar" [locator: userdev mods and services, reader: mod manifest]
[11Jun2025 08:58:54.159] [main/WARN] [net.neoforged.jarjar.selection.JarSelector/]: Attempted to select a dependency jar for JarJar which was passed in as source: library:mixinextras.neoforge. Using Mod File: /home/trhod17/.gradle/caches/modules-2/files-2.1/io.github.llamalad7/mixinextras-neoforge/0.4.1/eff97772ecd0dcf8e52cdbafd3b3ccec425f8314/mixinextras-neoforge-0.4.1.jar
[11Jun2025 08:58:54.159] [main/INFO] [net.neoforged.fml.loading.moddiscovery.locators.JarInJarDependencyLocator/]: Found 13 dependencies adding them to mods collection
[11Jun2025 08:58:54.159] [main/INFO] [net.neoforged.fml.loading.moddiscovery.ModDiscoverer/SCAN]: Found library file "gson-0.1.5.jar" [parent: owo-lib-532610-6416633.jar, locator: jarinjar]
[11Jun2025 08:58:54.159] [main/INFO] [net.neoforged.fml.loading.moddiscovery.ModDiscoverer/SCAN]: Found mod file "fabric-api-base-0.4.42+d1308dedd1.jar" [parent: owo-lib-532610-6416633.jar, locator: jarinjar, reader: mod manifest]
[11Jun2025 08:58:54.159] [main/INFO] [net.neoforged.fml.loading.moddiscovery.ModDiscoverer/SCAN]: Found mod file "accessories-neoforge-1.1.0-beta.34+1.21.1.jar" [parent: aether-1.21.1-1.5.8-neoforge.jar, locator: jarinjar, reader: mod manifest]
[11Jun2025 08:58:54.160] [main/INFO] [net.neoforged.fml.loading.moddiscovery.ModDiscoverer/SCAN]: Found mod file "cumulus_menus-1.21.1-2.0.5-neoforge.jar" [parent: aether-1.21.1-1.5.8-neoforge.jar, locator: jarinjar, reader: mod manifest]
[11Jun2025 08:58:54.160] [main/INFO] [net.neoforged.fml.loading.moddiscovery.ModDiscoverer/SCAN]: Found library file "jankson-0.1.5.jar" [parent: owo-lib-532610-6416633.jar, locator: jarinjar]
[11Jun2025 08:58:54.160] [main/INFO] [net.neoforged.fml.loading.moddiscovery.ModDiscoverer/SCAN]: Found library file "net.neoforged.neoforge-coremods-21.1.169.jar" [parent: neoforge-21.1.169.jar, locator: jarinjar, reader: mod manifest]
[11Jun2025 08:58:54.160] [main/INFO] [net.neoforged.fml.loading.moddiscovery.ModDiscoverer/SCAN]: Found mod file "fabric-screen-api-v1-2.0.24+79a4c2b0d1.jar" [parent: owo-lib-532610-6416633.jar, locator: jarinjar, reader: mod manifest]
[11Jun2025 08:58:54.160] [main/INFO] [net.neoforged.fml.loading.moddiscovery.ModDiscoverer/SCAN]: Found mod file "nitrogen_internals-1.21.1-1.1.23-neoforge.jar" [parent: aether-1.21.1-1.5.8-neoforge.jar, locator: jarinjar, reader: mod manifest]
[11Jun2025 08:58:54.160] [main/INFO] [net.neoforged.fml.loading.moddiscovery.ModDiscoverer/SCAN]: Found mod file "fabric-networking-api-v1-4.2.2+a92978fd19.jar" [parent: owo-lib-532610-6416633.jar, locator: jarinjar, reader: mod manifest]
[11Jun2025 08:58:54.160] [main/INFO] [net.neoforged.fml.loading.moddiscovery.ModDiscoverer/SCAN]: Found library file "forgified-fabric-loader-2.5.29+0.16.0+1.21-full.jar" [parent: owo-lib-532610-6416633.jar, locator: jarinjar, reader: mod manifest]
[11Jun2025 08:58:54.160] [main/INFO] [net.neoforged.fml.loading.moddiscovery.ModDiscoverer/SCAN]: Found library file "endec-0.1.8.jar" [parent: owo-lib-532610-6416633.jar, locator: jarinjar]
[11Jun2025 08:58:54.160] [main/INFO] [net.neoforged.fml.loading.moddiscovery.ModDiscoverer/SCAN]: Found library file "netty-0.1.4.jar" [parent: owo-lib-532610-6416633.jar, locator: jarinjar]
[11Jun2025 08:58:54.160] [main/INFO] [net.neoforged.fml.loading.moddiscovery.ModDiscoverer/SCAN]: Found library file "jankson-1.2.2.jar" [parent: owo-lib-532610-6416633.jar, locator: jarinjar]
[11Jun2025 08:58:54.161] [main/INFO] [net.neoforged.fml.loading.moddiscovery.ModDiscoverer/]: 
     Mod List:
		Name Version (Mod Id)

		Accessories 1.1.0-beta.34+1.21.1 (accessories)
		Cumulus 2.0.5 (cumulus_menus)
		Flower Seeds 2 3.2.1 (flowerseeds2)
		Flower Seeds 2 Aether 3.1.0 (flowerseeds2aether)
		Forgified Fabric API Base 0.4.42+d1308dedd1 (fabric_api_base)
		Forgified Fabric Networking API (v1) 4.2.2+a92978fd19 (fabric_networking_api_v1)
		Forgified Fabric Screen API (v1) 2.0.24+79a4c2b0d1 (fabric_screen_api_v1)
		Minecraft 1.21.1 (minecraft)
		NeoForge 21.1.169 (neoforge)
		Nitrogen 1.1.23 (nitrogen_internals)
		oωo 0.12.15.1-beta.3+1.21 (owo)
		The Aether 1.5.8 (aether)
[11Jun2025 08:58:54.502] [main/INFO] [mixin/]: Compatibility level set to JAVA_17
[11Jun2025 08:58:54.505] [main/INFO] [mixin/]: Compatibility level set to JAVA_18
[11Jun2025 08:58:54.506] [main/INFO] [mixin/]: Compatibility level set to JAVA_21
[11Jun2025 08:58:54.510] [main/INFO] [net.fabricmc.loader.impl.bootstrap.FabricLoaderBootstrap/]: Propagating FML mod list to Fabric Loader
[11Jun2025 08:58:54.515] [main/INFO] [cpw.mods.modlauncher.LaunchServiceHandler/MODLAUNCHER]: Launching target 'forgedatadev' with arguments [--gameDir, ., --assetsDir, /home/trhod17/.gradle/caches/minecraft/assets, --mod, flowerseeds2aether, --all, --output, /home/trhod17/Desktop/modding/flowerseeds2-1.21.1/FlowerSeedsWorkspace/modules/FlowerSeedsAether/src/generated/resources, --existing, /home/trhod17/Desktop/modding/flowerseeds2-1.21.1/FlowerSeedsWorkspace/modules/FlowerSeedsAether/src/main/resources, --existing-mod, flowerseeds2, --existing-mod, aether, --assetIndex, asset-index]
[11Jun2025 08:58:54.539] [main/WARN] [mixin/]: Reference map 'nitrogen_internals.refmap.json' for nitrogen_internals.mixins.json could not be read. If this is a development environment you can ignore this message
[11Jun2025 08:58:54.541] [main/WARN] [mixin/]: Reference map '' for accessories-common.mixins.json could not be read. If this is a development environment you can ignore this message
[11Jun2025 08:58:54.542] [main/WARN] [mixin/]: Reference map '' for accessories-forge.mixins.json could not be read. If this is a development environment you can ignore this message
[11Jun2025 08:58:54.542] [main/WARN] [mixin/]: Reference map 'cumulus_menus.refmap.json' for cumulus_menus.mixins.json could not be read. If this is a development environment you can ignore this message
[11Jun2025 08:58:54.543] [main/WARN] [mixin/]: Reference map 'cumulus_menus.refmap.json' for cumulus_menus.neoforge.mixins.json could not be read. If this is a development environment you can ignore this message
[11Jun2025 08:58:54.543] [main/WARN] [mixin/]: Reference map 'aether.refmap.json' for aether.mixins.json could not be read. If this is a development environment you can ignore this message
[11Jun2025 08:58:54.939] [main/INFO] [MixinExtras|Service/]: Initializing MixinExtras via com.llamalad7.mixinextras.service.MixinExtrasServiceImpl(version=0.4.1).
[11Jun2025 08:58:55.028] [main/INFO] [net.neoforged.neoforge.data.loading.DatagenModLoader/]: Initializing Data Gatherer for mods [flowerseeds2aether]
[11Jun2025 08:58:55.564] [main/INFO] [mixin/]: aether.mixins.json:common.accessor.AbstractFurnaceBlockEntityAccessor from mod aether->@Invoker[METHOD_PROXY]::callCanBurn(Lnet/minecraft/core/RegistryAccess;Lnet/minecraft/world/item/crafting/RecipeHolder;Lnet/minecraft/core/NonNullList;ILnet/minecraft/world/level/block/entity/AbstractFurnaceBlockEntity;)Z should be static as its target is
[11Jun2025 08:58:57.264] [modloading-worker-0/INFO] [net.neoforged.neoforge.common.NeoForgeMod/NEOFORGE-MOD]: NeoForge mod loading, version 21.1.169, for MC 1.21.1
[11Jun2025 08:58:57.310] [modloading-worker-0/INFO] [owo/]: forge?
[11Jun2025 08:58:57.806] [main/WARN] [net.minecraft.server.packs.VanillaPackResourcesBuilder/]: Assets URL 'union:/home/trhod17/Desktop/modding/flowerseeds2-1.21.1/FlowerSeedsWorkspace/modules/FlowerSeedsAether/.gradle/repositories/ng_dummy_ng/net/neoforged/neoforge/21.1.169/neoforge-21.1.169.jar%23183!/assets/.mcassetsroot' uses unexpected schema
[11Jun2025 08:58:57.806] [main/WARN] [net.minecraft.server.packs.VanillaPackResourcesBuilder/]: Assets URL 'union:/home/trhod17/Desktop/modding/flowerseeds2-1.21.1/FlowerSeedsWorkspace/modules/FlowerSeedsAether/.gradle/repositories/ng_dummy_ng/net/neoforged/neoforge/21.1.169/neoforge-21.1.169.jar%23183!/data/.mcassetsroot' uses unexpected schema
[11Jun2025 08:58:57.917] [main/INFO] [net.minecraft.data.DataGenerator/]: Starting provider: Pack Metadata
[11Jun2025 08:58:57.926] [main/INFO] [net.minecraft.data.DataGenerator/]: Pack Metadata finished after 9 ms
[11Jun2025 08:58:57.927] [main/INFO] [net.minecraft.data.DataGenerator/]: Starting provider: Flower Seeds 2 Aether EN_US Lang Provider
[11Jun2025 08:58:57.927] [main/INFO] [net.minecraft.data.DataGenerator/]: Flower Seeds 2 Aether EN_US Lang Provider finished after 0 ms
[11Jun2025 08:58:57.927] [main/INFO] [net.minecraft.data.DataGenerator/]: Starting provider: Flower Seeds 2 Aether BlockState Provider
[11Jun2025 08:58:57.952] [main/INFO] [net.minecraft.data.DataGenerator/]: Flower Seeds 2 Aether BlockState Provider finished after 24 ms
[11Jun2025 08:58:57.952] [main/INFO] [net.minecraft.data.DataGenerator/]: Starting provider: Flower Seeds 2 flowerseeds2aether Item Model Provider
[11Jun2025 08:58:57.953] [main/INFO] [net.minecraft.data.DataGenerator/]: Flower Seeds 2 flowerseeds2aether Item Model Provider finished after 1 ms
[11Jun2025 08:58:57.953] [main/INFO] [net.minecraft.data.DataGenerator/]: Starting provider: Loot Tables
[11Jun2025 08:58:57.962] [main/INFO] [net.minecraft.data.DataGenerator/]: Loot Tables finished after 8 ms
[11Jun2025 08:58:57.962] [main/INFO] [net.minecraft.data.DataGenerator/]: Starting provider: Recipes
[11Jun2025 08:58:57.975] [main/INFO] [net.minecraft.data.DataGenerator/]: Recipes finished after 12 ms
[11Jun2025 08:58:57.975] [main/INFO] [net.minecraft.data.DataGenerator/]: Starting provider: Flower Seeds 2 Aether Block Tag data Provider
[11Jun2025 08:58:57.978] [main/INFO] [net.minecraft.data.DataGenerator/]: Flower Seeds 2 Aether Block Tag data Provider finished after 3 ms
[11Jun2025 08:58:57.978] [main/INFO] [net.minecraft.data.DataGenerator/]: Starting provider: Flower Seeds 2 Aether Item Tag data Provider
[11Jun2025 08:58:57.979] [main/INFO] [net.minecraft.data.DataGenerator/]: Flower Seeds 2 Aether Item Tag data Provider finished after 0 ms
[11Jun2025 08:58:57.979] [main/INFO] [net.minecraft.data.DataGenerator/]: Starting provider: Data Maps
[11Jun2025 08:58:57.982] [main/INFO] [net.minecraft.data.DataGenerator/]: Data Maps finished after 3 ms
[11Jun2025 08:58:57.982] [main/INFO] [net.minecraft.data.DataGenerator/]: All providers took: 65 ms
[11Jun2025 08:58:57.988] [main/INFO] [net.minecraft.data.HashCache/]: Caching: total files: 130, old count: 60, new count: 63, removed stale: 68, written: 62
