[11Jun2025 08:59:11.186] [main/INFO] [cpw.mods.modlauncher.Launcher/MODLAUNCHER]: ModLauncher running: args [--launchTarget, forgeclientdev, --version, 21.1.169, --assetIndex, asset-index, --assetsDir, /home/trhod17/.gradle/caches/minecraft/assets, --gameDir, ., --fml.fmlVersion, 4.0.39, --fml.mcVersion, 1.21.1, --fml.neoForgeVersion, 21.1.169, --fml.neoFormVersion, 20240808.144430]
[11Jun2025 08:59:11.188] [main/INFO] [cpw.mods.modlauncher.Launcher/MODLAUNCHER]: JVM identified as Arch Linux OpenJDK 64-Bit Server VM 21.0.7+6
[11Jun2025 08:59:11.188] [main/INFO] [cpw.mods.modlauncher.Launcher/MODLAUNCHER]: ModLauncher 11.0.4+main.d2e20e43 starting: java version 21.0.7 by Arch Linux; OS Linux arch amd64 version 6.14.10-zen1-1-zen
[11Jun2025 08:59:11.230] [main/WARN] [net.neoforged.fml.loading.FMLConfig/CORE]: Configuration file /home/trhod17/Desktop/modding/flowerseeds2-1.21.1/FlowerSeedsWorkspace/modules/FlowerSeedsAether/runs/client/config/fml.toml is not correct. Correcting
[11Jun2025 08:59:11.242] [main/INFO] [net.neoforged.fml.loading.ImmediateWindowHandler/]: Loading ImmediateWindowProvider fmlearlywindow
[11Jun2025 08:59:11.301] [main/INFO] [EARLYDISPLAY/]: Trying GL version 4.6
[11Jun2025 08:59:11.362] [main/INFO] [EARLYDISPLAY/]: Requested GL version 4.6 got version 4.6
[11Jun2025 08:59:11.432] [main/INFO] [mixin/]: SpongePowered MIXIN Subsystem Version=0.8.7 Source=union:/home/trhod17/.gradle/caches/modules-2/files-2.1/net.fabricmc/sponge-mixin/0.15.2+mixin.0.8.7/2af2f021d8e02a0220dc27a7a72b4666d66d44ca/sponge-mixin-0.15.2+mixin.0.8.7.jar%23130!/ Service=ModLauncher Env=CLIENT
[11Jun2025 08:59:11.436] [main/WARN] [net.neoforged.fml.loading.FMLConfig/CORE]: Configuration file /home/trhod17/Desktop/modding/flowerseeds2-1.21.1/FlowerSeedsWorkspace/modules/FlowerSeedsAether/runs/client/config/fml.toml is not correct. Correcting
[11Jun2025 08:59:11.451] [pool-2-thread-1/INFO] [EARLYDISPLAY/]: GL info: AMD Radeon RX 6700 XT (radeonsi, navi22, LLVM 20.1.6, DRM 3.61, 6.14.10-zen1-1-zen) GL version 4.6 (Core Profile) Mesa 25.1.3-arch1.3, AMD
[11Jun2025 08:59:11.475] [main/INFO] [net.neoforged.fml.loading.moddiscovery.ModDiscoverer/SCAN]: Found mod file "neoforge-21.1.169.jar" [locator: neoforge devenv provider ([/home/trhod17/Desktop/modding/flowerseeds2-1.21.1/FlowerSeedsWorkspace/modules/FlowerSeedsAether/.gradle/repositories/ng_dummy_ng/net/neoforged/neoforge/21.1.169/neoforge-21.1.169.jar])]
[11Jun2025 08:59:11.486] [main/INFO] [net.neoforged.fml.loading.moddiscovery.ModDiscoverer/SCAN]: Found mod file "neoforge-21.1.169.jar" [locator: neoforge devenv provider ([/home/trhod17/Desktop/modding/flowerseeds2-1.21.1/FlowerSeedsWorkspace/modules/FlowerSeedsAether/.gradle/repositories/ng_dummy_ng/net/neoforged/neoforge/21.1.169/neoforge-21.1.169.jar])]
[11Jun2025 08:59:11.492] [main/INFO] [net.neoforged.fml.loading.moddiscovery.ModDiscoverer/SCAN]: Found mod file "main" [locator: userdev mods and services, reader: mod manifest]
[11Jun2025 08:59:11.497] [main/INFO] [net.neoforged.fml.loading.moddiscovery.ModDiscoverer/SCAN]: Found mod file "neoforge-21.1.169.jar" [locator: userdev mods and services, reader: mod manifest]
[11Jun2025 08:59:11.498] [main/INFO] [net.neoforged.fml.loading.moddiscovery.ModDiscoverer/SCAN]: Found mod file "flowerseeds2-1.21.1-3.2.1.jar" [locator: userdev mods and services, reader: mod manifest]
[11Jun2025 08:59:11.500] [main/INFO] [net.neoforged.fml.loading.moddiscovery.ModDiscoverer/SCAN]: Found mod file "aether-1.21.1-1.5.8-neoforge.jar" [locator: userdev mods and services, reader: mod manifest]
[11Jun2025 08:59:11.502] [main/INFO] [net.neoforged.fml.loading.moddiscovery.ModDiscoverer/SCAN]: Found mod file "owo-lib-532610-6416633.jar" [locator: userdev mods and services, reader: mod manifest]
[11Jun2025 08:59:11.507] [main/INFO] [net.neoforged.fml.loading.moddiscovery.ModDiscoverer/SCAN]: Found gamelibrary file "mixinextras-neoforge-0.4.1.jar" [locator: userdev mods and services, reader: mod manifest]
[11Jun2025 08:59:11.607] [main/WARN] [net.neoforged.jarjar.selection.JarSelector/]: Attempted to select a dependency jar for JarJar which was passed in as source: library:mixinextras.neoforge. Using Mod File: /home/trhod17/.gradle/caches/modules-2/files-2.1/io.github.llamalad7/mixinextras-neoforge/0.4.1/eff97772ecd0dcf8e52cdbafd3b3ccec425f8314/mixinextras-neoforge-0.4.1.jar
[11Jun2025 08:59:11.607] [main/INFO] [net.neoforged.fml.loading.moddiscovery.locators.JarInJarDependencyLocator/]: Found 13 dependencies adding them to mods collection
[11Jun2025 08:59:11.607] [main/INFO] [net.neoforged.fml.loading.moddiscovery.ModDiscoverer/SCAN]: Found library file "gson-0.1.5.jar" [parent: owo-lib-532610-6416633.jar, locator: jarinjar]
[11Jun2025 08:59:11.607] [main/INFO] [net.neoforged.fml.loading.moddiscovery.ModDiscoverer/SCAN]: Found mod file "fabric-api-base-0.4.42+d1308dedd1.jar" [parent: owo-lib-532610-6416633.jar, locator: jarinjar, reader: mod manifest]
[11Jun2025 08:59:11.607] [main/INFO] [net.neoforged.fml.loading.moddiscovery.ModDiscoverer/SCAN]: Found mod file "accessories-neoforge-1.1.0-beta.34+1.21.1.jar" [parent: aether-1.21.1-1.5.8-neoforge.jar, locator: jarinjar, reader: mod manifest]
[11Jun2025 08:59:11.607] [main/INFO] [net.neoforged.fml.loading.moddiscovery.ModDiscoverer/SCAN]: Found mod file "cumulus_menus-1.21.1-2.0.5-neoforge.jar" [parent: aether-1.21.1-1.5.8-neoforge.jar, locator: jarinjar, reader: mod manifest]
[11Jun2025 08:59:11.607] [main/INFO] [net.neoforged.fml.loading.moddiscovery.ModDiscoverer/SCAN]: Found library file "jankson-0.1.5.jar" [parent: owo-lib-532610-6416633.jar, locator: jarinjar]
[11Jun2025 08:59:11.607] [main/INFO] [net.neoforged.fml.loading.moddiscovery.ModDiscoverer/SCAN]: Found library file "net.neoforged.neoforge-coremods-21.1.169.jar" [parent: neoforge-21.1.169.jar, locator: jarinjar, reader: mod manifest]
[11Jun2025 08:59:11.607] [main/INFO] [net.neoforged.fml.loading.moddiscovery.ModDiscoverer/SCAN]: Found mod file "fabric-screen-api-v1-2.0.24+79a4c2b0d1.jar" [parent: owo-lib-532610-6416633.jar, locator: jarinjar, reader: mod manifest]
[11Jun2025 08:59:11.607] [main/INFO] [net.neoforged.fml.loading.moddiscovery.ModDiscoverer/SCAN]: Found mod file "nitrogen_internals-1.21.1-1.1.23-neoforge.jar" [parent: aether-1.21.1-1.5.8-neoforge.jar, locator: jarinjar, reader: mod manifest]
[11Jun2025 08:59:11.607] [main/INFO] [net.neoforged.fml.loading.moddiscovery.ModDiscoverer/SCAN]: Found mod file "fabric-networking-api-v1-4.2.2+a92978fd19.jar" [parent: owo-lib-532610-6416633.jar, locator: jarinjar, reader: mod manifest]
[11Jun2025 08:59:11.607] [main/INFO] [net.neoforged.fml.loading.moddiscovery.ModDiscoverer/SCAN]: Found library file "forgified-fabric-loader-2.5.29+0.16.0+1.21-full.jar" [parent: owo-lib-532610-6416633.jar, locator: jarinjar, reader: mod manifest]
[11Jun2025 08:59:11.607] [main/INFO] [net.neoforged.fml.loading.moddiscovery.ModDiscoverer/SCAN]: Found library file "endec-0.1.8.jar" [parent: owo-lib-532610-6416633.jar, locator: jarinjar]
[11Jun2025 08:59:11.608] [main/INFO] [net.neoforged.fml.loading.moddiscovery.ModDiscoverer/SCAN]: Found library file "netty-0.1.4.jar" [parent: owo-lib-532610-6416633.jar, locator: jarinjar]
[11Jun2025 08:59:11.608] [main/INFO] [net.neoforged.fml.loading.moddiscovery.ModDiscoverer/SCAN]: Found library file "jankson-1.2.2.jar" [parent: owo-lib-532610-6416633.jar, locator: jarinjar]
[11Jun2025 08:59:11.608] [main/INFO] [net.neoforged.fml.loading.moddiscovery.ModDiscoverer/]: 
     Mod List:
		Name Version (Mod Id)

		Accessories 1.1.0-beta.34+1.21.1 (accessories)
		Cumulus 2.0.5 (cumulus_menus)
		Flower Seeds 2 3.2.1 (flowerseeds2)
		Flower Seeds 2 Aether 3.1.0 (flowerseeds2aether)
		Forgified Fabric API Base 0.4.42+d1308dedd1 (fabric_api_base)
		Forgified Fabric Networking API (v1) 4.2.2+a92978fd19 (fabric_networking_api_v1)
		Forgified Fabric Screen API (v1) 2.0.24+79a4c2b0d1 (fabric_screen_api_v1)
		Minecraft 1.21.1 (minecraft)
		NeoForge 21.1.169 (neoforge)
		Nitrogen 1.1.23 (nitrogen_internals)
		oωo 0.12.15.1-beta.3+1.21 (owo)
		The Aether 1.5.8 (aether)
[11Jun2025 08:59:11.852] [main/INFO] [mixin/]: Compatibility level set to JAVA_17
[11Jun2025 08:59:11.856] [main/INFO] [mixin/]: Compatibility level set to JAVA_18
[11Jun2025 08:59:11.857] [main/INFO] [mixin/]: Compatibility level set to JAVA_21
[11Jun2025 08:59:11.860] [main/INFO] [net.fabricmc.loader.impl.bootstrap.FabricLoaderBootstrap/]: Propagating FML mod list to Fabric Loader
[11Jun2025 08:59:11.866] [main/INFO] [cpw.mods.modlauncher.LaunchServiceHandler/MODLAUNCHER]: Launching target 'forgeclientdev' with arguments [--version, 21.1.169, --gameDir, ., --assetsDir, /home/trhod17/.gradle/caches/minecraft/assets, --assetIndex, asset-index]
[11Jun2025 08:59:11.886] [main/WARN] [mixin/]: Reference map 'nitrogen_internals.refmap.json' for nitrogen_internals.mixins.json could not be read. If this is a development environment you can ignore this message
[11Jun2025 08:59:11.889] [main/WARN] [mixin/]: Reference map '' for accessories-common.mixins.json could not be read. If this is a development environment you can ignore this message
[11Jun2025 08:59:11.889] [main/WARN] [mixin/]: Reference map '' for accessories-forge.mixins.json could not be read. If this is a development environment you can ignore this message
[11Jun2025 08:59:11.890] [main/WARN] [mixin/]: Reference map 'cumulus_menus.refmap.json' for cumulus_menus.mixins.json could not be read. If this is a development environment you can ignore this message
[11Jun2025 08:59:11.890] [main/WARN] [mixin/]: Reference map 'cumulus_menus.refmap.json' for cumulus_menus.neoforge.mixins.json could not be read. If this is a development environment you can ignore this message
[11Jun2025 08:59:11.891] [main/WARN] [mixin/]: Reference map 'aether.refmap.json' for aether.mixins.json could not be read. If this is a development environment you can ignore this message
[11Jun2025 08:59:12.213] [main/INFO] [MixinExtras|Service/]: Initializing MixinExtras via com.llamalad7.mixinextras.service.MixinExtrasServiceImpl(version=0.4.1).
[11Jun2025 08:59:12.841] [Datafixer Bootstrap/INFO] [com.mojang.datafixers.DataFixerBuilder/]: 229 Datafixer optimizations took 102 milliseconds
[11Jun2025 08:59:13.341] [pool-16-thread-1/INFO] [mixin/]: aether.mixins.json:common.accessor.AbstractFurnaceBlockEntityAccessor from mod aether->@Invoker[METHOD_PROXY]::callCanBurn(Lnet/minecraft/core/RegistryAccess;Lnet/minecraft/world/item/crafting/RecipeHolder;Lnet/minecraft/core/NonNullList;ILnet/minecraft/world/level/block/entity/AbstractFurnaceBlockEntity;)Z should be static as its target is
[11Jun2025 08:59:15.202] [main/WARN] [net.minecraft.commands.Commands/]: Ambiguity between arguments [teleport, location] and [teleport, destination] with inputs: [0.1 -0.5 .9, 0 0 0]
[11Jun2025 08:59:15.202] [main/WARN] [net.minecraft.commands.Commands/]: Ambiguity between arguments [teleport, location] and [teleport, targets] with inputs: [0.1 -0.5 .9, 0 0 0]
[11Jun2025 08:59:15.203] [main/WARN] [net.minecraft.commands.Commands/]: Ambiguity between arguments [teleport, destination] and [teleport, targets] with inputs: [Player, 0123, @e, dd12be42-52a9-4a91-a8a1-11c01849e498]
[11Jun2025 08:59:15.204] [main/WARN] [net.minecraft.commands.Commands/]: Ambiguity between arguments [teleport, targets] and [teleport, destination] with inputs: [Player, 0123, dd12be42-52a9-4a91-a8a1-11c01849e498]
[11Jun2025 08:59:15.204] [main/WARN] [net.minecraft.commands.Commands/]: Ambiguity between arguments [teleport, targets, location] and [teleport, targets, destination] with inputs: [0.1 -0.5 .9, 0 0 0]
[11Jun2025 08:59:15.291] [Render thread/WARN] [net.minecraft.server.packs.VanillaPackResourcesBuilder/]: Assets URL 'union:/home/trhod17/Desktop/modding/flowerseeds2-1.21.1/FlowerSeedsWorkspace/modules/FlowerSeedsAether/.gradle/repositories/ng_dummy_ng/net/neoforged/neoforge/21.1.169/neoforge-21.1.169.jar%23183!/assets/.mcassetsroot' uses unexpected schema
[11Jun2025 08:59:15.291] [Render thread/WARN] [net.minecraft.server.packs.VanillaPackResourcesBuilder/]: Assets URL 'union:/home/trhod17/Desktop/modding/flowerseeds2-1.21.1/FlowerSeedsWorkspace/modules/FlowerSeedsAether/.gradle/repositories/ng_dummy_ng/net/neoforged/neoforge/21.1.169/neoforge-21.1.169.jar%23183!/data/.mcassetsroot' uses unexpected schema
[11Jun2025 08:59:15.302] [Render thread/INFO] [com.mojang.authlib.yggdrasil.YggdrasilAuthenticationService/]: Environment: Environment[sessionHost=https://sessionserver.mojang.com, servicesHost=https://api.minecraftservices.com, name=PROD]
[11Jun2025 08:59:15.306] [Render thread/INFO] [net.minecraft.client.Minecraft/]: Setting user: Dev
[11Jun2025 08:59:15.374] [Render thread/INFO] [net.minecraft.client.Minecraft/]: Backend library: LWJGL version 3.3.3+5
[11Jun2025 08:59:15.484] [modloading-worker-0/INFO] [net.neoforged.neoforge.common.NeoForgeMod/NEOFORGE-MOD]: NeoForge mod loading, version 21.1.169, for MC 1.21.1
[11Jun2025 08:59:15.529] [modloading-worker-0/INFO] [owo/]: Maybe we take a page out of the Wisp Forest handbook: When in doubt, steal glisco's code
[11Jun2025 08:59:16.126] [Render thread/INFO] [net.neoforged.neoforge.gametest.GameTestHooks/]: Enabled Gametest Namespaces: []
[11Jun2025 08:59:16.282] [Render thread/INFO] [net.minecraft.server.packs.resources.ReloadableResourceManager/]: Reloading ResourceManager: vanilla, mod_resources, mod/nitrogen_internals, mod/fabric_networking_api_v1, mod/fabric_api_base, mod/owo, mod/flowerseeds2aether, mod/accessories, mod/cumulus_menus, mod/neoforge, mod/aether, mod/flowerseeds2, mod/fabric_screen_api_v1
[11Jun2025 08:59:16.308] [NeoForge Version Check/INFO] [net.neoforged.fml.VersionChecker/]: [aether] Starting version check at https://github.com/The-Aether-Team/The-Aether/raw/1.21.1-develop/update.json
[11Jun2025 08:59:16.320] [Worker-Main-13/INFO] [net.minecraft.client.gui.font.providers.UnihexProvider/]: Found unifont_all_no_pua-15.1.04.hex, loading
[11Jun2025 08:59:17.013] [Worker-Main-2/WARN] [net.minecraft.client.resources.model.ModelManager/]: Missing textures in model flowerseeds2aether:purple_flower_seed#age=6:
    minecraft:textures/atlas/blocks.png:aether:block/purple_flower
[11Jun2025 08:59:17.014] [Worker-Main-2/WARN] [net.minecraft.client.resources.model.ModelManager/]: Missing textures in model flowerseeds2aether:white_flower_seed#age=6:
    minecraft:textures/atlas/blocks.png:aether:block/white_flower
[11Jun2025 08:59:17.081] [Worker-Main-14/INFO] [owo/]: Services frozen by 'io.wispforest.owo.Owo'
[11Jun2025 08:59:17.138] [NeoForge Version Check/INFO] [net.neoforged.fml.VersionChecker/]: [aether] Found status: UP_TO_DATE Current: 1.5.8 Target: null
[11Jun2025 08:59:17.167] [Render thread/WARN] [net.minecraft.client.sounds.SoundEngine/]: Missing sound for event: minecraft:entity.armadillo.unroll_finish
[11Jun2025 08:59:17.167] [Render thread/WARN] [net.minecraft.client.sounds.SoundEngine/]: Missing sound for event: minecraft:entity.armadillo.peek
[11Jun2025 08:59:17.167] [Render thread/WARN] [net.minecraft.client.sounds.SoundEngine/]: Missing sound for event: minecraft:entity.armadillo.unroll_start
[11Jun2025 08:59:17.167] [Render thread/WARN] [net.minecraft.client.sounds.SoundEngine/]: Missing sound for event: minecraft:entity.bogged.ambient
[11Jun2025 08:59:17.167] [Render thread/WARN] [net.minecraft.client.sounds.SoundEngine/]: Missing sound for event: minecraft:entity.bogged.death
[11Jun2025 08:59:17.167] [Render thread/WARN] [net.minecraft.client.sounds.SoundEngine/]: Missing sound for event: minecraft:entity.bogged.hurt
[11Jun2025 08:59:17.167] [Render thread/WARN] [net.minecraft.client.sounds.SoundEngine/]: Missing sound for event: minecraft:entity.bogged.shear
[11Jun2025 08:59:17.167] [Render thread/WARN] [net.minecraft.client.sounds.SoundEngine/]: Missing sound for event: minecraft:entity.bogged.step
[11Jun2025 08:59:17.167] [Render thread/WARN] [net.minecraft.client.sounds.SoundEngine/]: Missing sound for event: minecraft:block.cobweb.break
[11Jun2025 08:59:17.167] [Render thread/WARN] [net.minecraft.client.sounds.SoundEngine/]: Missing sound for event: minecraft:block.cobweb.step
[11Jun2025 08:59:17.167] [Render thread/WARN] [net.minecraft.client.sounds.SoundEngine/]: Missing sound for event: minecraft:block.cobweb.place
[11Jun2025 08:59:17.167] [Render thread/WARN] [net.minecraft.client.sounds.SoundEngine/]: Missing sound for event: minecraft:block.cobweb.hit
[11Jun2025 08:59:17.167] [Render thread/WARN] [net.minecraft.client.sounds.SoundEngine/]: Missing sound for event: minecraft:block.cobweb.fall
[11Jun2025 08:59:17.167] [Render thread/WARN] [net.minecraft.client.sounds.SoundEngine/]: Missing sound for event: minecraft:entity.donkey.jump
[11Jun2025 08:59:17.168] [Render thread/WARN] [net.minecraft.client.sounds.SoundEngine/]: Missing sound for event: minecraft:item.goat_horn.play
[11Jun2025 08:59:17.168] [Render thread/WARN] [net.minecraft.client.sounds.SoundEngine/]: Missing sound for event: minecraft:entity.goat.screaming.horn_break
[11Jun2025 08:59:17.168] [Render thread/WARN] [net.minecraft.client.sounds.SoundEngine/]: Missing sound for event: minecraft:block.heavy_core.break
[11Jun2025 08:59:17.168] [Render thread/WARN] [net.minecraft.client.sounds.SoundEngine/]: Missing sound for event: minecraft:block.heavy_core.fall
[11Jun2025 08:59:17.168] [Render thread/WARN] [net.minecraft.client.sounds.SoundEngine/]: Missing sound for event: minecraft:block.heavy_core.hit
[11Jun2025 08:59:17.168] [Render thread/WARN] [net.minecraft.client.sounds.SoundEngine/]: Missing sound for event: minecraft:block.heavy_core.place
[11Jun2025 08:59:17.168] [Render thread/WARN] [net.minecraft.client.sounds.SoundEngine/]: Missing sound for event: minecraft:block.heavy_core.step
[11Jun2025 08:59:17.168] [Render thread/WARN] [net.minecraft.client.sounds.SoundEngine/]: Missing sound for event: minecraft:block.trial_spawner.about_to_spawn_item
[11Jun2025 08:59:17.168] [Render thread/WARN] [net.minecraft.client.sounds.SoundEngine/]: Missing sound for event: minecraft:block.trial_spawner.spawn_item
[11Jun2025 08:59:17.168] [Render thread/WARN] [net.minecraft.client.sounds.SoundEngine/]: Missing sound for event: minecraft:block.trial_spawner.spawn_item_begin
[11Jun2025 08:59:17.168] [Render thread/WARN] [net.minecraft.client.sounds.SoundEngine/]: Missing sound for event: minecraft:block.trial_spawner.ominous_activate
[11Jun2025 08:59:17.168] [Render thread/WARN] [net.minecraft.client.sounds.SoundEngine/]: Missing sound for event: minecraft:block.trial_spawner.ambient_ominous
[11Jun2025 08:59:17.168] [Render thread/WARN] [net.minecraft.client.sounds.SoundEngine/]: Missing sound for event: minecraft:item.mace.smash_air
[11Jun2025 08:59:17.168] [Render thread/WARN] [net.minecraft.client.sounds.SoundEngine/]: Missing sound for event: minecraft:item.mace.smash_ground
[11Jun2025 08:59:17.168] [Render thread/WARN] [net.minecraft.client.sounds.SoundEngine/]: Missing sound for event: minecraft:item.mace.smash_ground_heavy
[11Jun2025 08:59:17.168] [Render thread/WARN] [net.minecraft.client.sounds.SoundEngine/]: Missing sound for event: minecraft:entity.mule.jump
[11Jun2025 08:59:17.168] [Render thread/WARN] [net.minecraft.client.sounds.SoundEngine/]: Missing sound for event: minecraft:music_disc.creator
[11Jun2025 08:59:17.168] [Render thread/WARN] [net.minecraft.client.sounds.SoundEngine/]: Missing sound for event: minecraft:music_disc.creator_music_box
[11Jun2025 08:59:17.168] [Render thread/WARN] [net.minecraft.client.sounds.SoundEngine/]: Missing sound for event: minecraft:music_disc.precipice
[11Jun2025 08:59:17.168] [Render thread/WARN] [net.minecraft.client.sounds.SoundEngine/]: Missing sound for event: minecraft:item.ominous_bottle.dispose
[11Jun2025 08:59:17.168] [Render thread/WARN] [net.minecraft.client.sounds.SoundEngine/]: Missing sound for event: minecraft:entity.parrot.imitate.bogged
[11Jun2025 08:59:17.169] [Render thread/WARN] [net.minecraft.client.sounds.SoundEngine/]: Missing sound for event: minecraft:block.vault.reject_rewarded_player
[11Jun2025 08:59:17.169] [Render thread/WARN] [net.minecraft.client.sounds.SoundEngine/]: Missing sound for event: minecraft:block.wet_sponge.dries
[11Jun2025 08:59:17.169] [Render thread/WARN] [net.minecraft.client.sounds.SoundEngine/]: Missing sound for event: minecraft:item.wolf_armor.break
[11Jun2025 08:59:17.169] [Render thread/WARN] [net.minecraft.client.sounds.SoundEngine/]: Missing sound for event: minecraft:item.wolf_armor.crack
[11Jun2025 08:59:17.169] [Render thread/WARN] [net.minecraft.client.sounds.SoundEngine/]: Missing sound for event: minecraft:item.wolf_armor.damage
[11Jun2025 08:59:17.169] [Render thread/WARN] [net.minecraft.client.sounds.SoundEngine/]: Missing sound for event: minecraft:item.wolf_armor.repair
[11Jun2025 08:59:17.169] [Render thread/WARN] [net.minecraft.client.sounds.SoundEngine/]: Missing sound for event: minecraft:event.mob_effect.bad_omen
[11Jun2025 08:59:17.169] [Render thread/WARN] [net.minecraft.client.sounds.SoundEngine/]: Missing sound for event: minecraft:event.mob_effect.trial_omen
[11Jun2025 08:59:17.169] [Render thread/WARN] [net.minecraft.client.sounds.SoundEngine/]: Missing sound for event: minecraft:event.mob_effect.raid_omen
[11Jun2025 08:59:17.169] [Render thread/WARN] [net.minecraft.client.sounds.SoundEngine/]: Missing sound for event: aether:entity.sentry.ambient
[11Jun2025 08:59:17.203] [Render thread/INFO] [com.mojang.blaze3d.audio.Library/]: OpenAL initialized on device ATH-M20xBT 
[11Jun2025 08:59:17.203] [Render thread/INFO] [net.minecraft.client.sounds.SoundEngine/SOUNDS]: Sound engine started
[11Jun2025 08:59:17.262] [Render thread/INFO] [net.minecraft.client.renderer.texture.TextureAtlas/]: Created: 1024x512x4 minecraft:textures/atlas/blocks.png-atlas
[11Jun2025 08:59:17.291] [Render thread/INFO] [net.minecraft.client.renderer.texture.TextureAtlas/]: Created: 256x256x4 minecraft:textures/atlas/signs.png-atlas
[11Jun2025 08:59:17.292] [Render thread/INFO] [net.minecraft.client.renderer.texture.TextureAtlas/]: Created: 512x512x4 minecraft:textures/atlas/banner_patterns.png-atlas
[11Jun2025 08:59:17.293] [Render thread/INFO] [net.minecraft.client.renderer.texture.TextureAtlas/]: Created: 512x512x4 minecraft:textures/atlas/shield_patterns.png-atlas
[11Jun2025 08:59:17.294] [Render thread/INFO] [net.minecraft.client.renderer.texture.TextureAtlas/]: Created: 2048x1024x4 minecraft:textures/atlas/armor_trims.png-atlas
[11Jun2025 08:59:17.302] [Render thread/INFO] [net.minecraft.client.renderer.texture.TextureAtlas/]: Created: 256x256x4 minecraft:textures/atlas/chest.png-atlas
[11Jun2025 08:59:17.302] [Render thread/INFO] [net.minecraft.client.renderer.texture.TextureAtlas/]: Created: 128x64x4 minecraft:textures/atlas/decorated_pot.png-atlas
[11Jun2025 08:59:17.302] [Render thread/INFO] [net.minecraft.client.renderer.texture.TextureAtlas/]: Created: 512x256x4 minecraft:textures/atlas/beds.png-atlas
[11Jun2025 08:59:17.303] [Render thread/INFO] [net.minecraft.client.renderer.texture.TextureAtlas/]: Created: 512x256x4 minecraft:textures/atlas/shulker_boxes.png-atlas
[11Jun2025 08:59:17.336] [Render thread/INFO] [net.minecraft.client.renderer.texture.TextureAtlas/]: Created: 512x256x0 minecraft:textures/atlas/particles.png-atlas
[11Jun2025 08:59:17.338] [Render thread/INFO] [net.minecraft.client.renderer.texture.TextureAtlas/]: Created: 512x256x0 minecraft:textures/atlas/paintings.png-atlas
[11Jun2025 08:59:17.338] [Render thread/INFO] [net.minecraft.client.renderer.texture.TextureAtlas/]: Created: 256x128x0 minecraft:textures/atlas/mob_effects.png-atlas
[11Jun2025 08:59:17.338] [Render thread/INFO] [net.minecraft.client.renderer.texture.TextureAtlas/]: Created: 64x64x0 minecraft:textures/atlas/map_decorations.png-atlas
[11Jun2025 08:59:17.339] [Render thread/INFO] [net.minecraft.client.renderer.texture.TextureAtlas/]: Created: 1024x1024x0 minecraft:textures/atlas/gui.png-atlas
[11Jun2025 08:59:17.352] [Render thread/WARN] [net.minecraft.client.renderer.ShaderInstance/]: Shader rendertype_entity_translucent_emissive could not find sampler named Sampler2 in the specified shader program.
[11Jun2025 08:59:17.377] [Render thread/INFO] [net.neoforged.neoforge.client.entity.animation.json.AnimationLoader/]: Loaded 0 entity animations
[11Jun2025 08:59:47.248] [Render thread/INFO] [net.minecraft.server.MinecraftServer/]: Found new data pack builtin/aether_accessories, loading it automatically
[11Jun2025 08:59:47.827] [Render thread/INFO] [net.minecraft.world.item.crafting.RecipeManager/]: Loaded 1671 recipes
[11Jun2025 08:59:47.913] [Render thread/INFO] [net.minecraft.advancements.AdvancementTree/]: Loaded 1755 advancements
[11Jun2025 08:59:52.739] [Render thread/INFO] [net.minecraft.world.level.storage.LevelStorageSource/]: Deleting level New World (1)
[11Jun2025 08:59:52.739] [Render thread/INFO] [net.minecraft.world.level.storage.LevelStorageSource/]: Attempt 1...
[11Jun2025 08:59:53.989] [Render thread/INFO] [net.minecraft.world.level.storage.LevelStorageSource/]: Deleting level New World
[11Jun2025 08:59:53.989] [Render thread/INFO] [net.minecraft.world.level.storage.LevelStorageSource/]: Attempt 1...
[11Jun2025 08:59:53.993] [Render thread/INFO] [net.minecraft.server.MinecraftServer/]: Found new data pack builtin/aether_accessories, loading it automatically
[11Jun2025 08:59:54.186] [Render thread/INFO] [net.minecraft.world.item.crafting.RecipeManager/]: Loaded 1671 recipes
[11Jun2025 08:59:54.220] [Render thread/INFO] [net.minecraft.advancements.AdvancementTree/]: Loaded 1755 advancements
[11Jun2025 08:59:56.616] [Render thread/INFO] [net.minecraft.server.MinecraftServer/]: Found new data pack builtin/aether_accessories, loading it automatically
[11Jun2025 08:59:56.786] [Render thread/INFO] [net.minecraft.world.item.crafting.RecipeManager/]: Loaded 1671 recipes
[11Jun2025 08:59:56.812] [Render thread/INFO] [net.minecraft.advancements.AdvancementTree/]: Loaded 1755 advancements
[11Jun2025 09:00:13.642] [Render thread/INFO] [net.minecraft.server.MinecraftServer/]: Found new data pack builtin/aether_accessories, loading it automatically
[11Jun2025 09:00:13.747] [Server thread/INFO] [net.minecraft.client.server.IntegratedServer/]: Starting integrated minecraft server version 1.21.1
[11Jun2025 09:00:13.747] [Server thread/INFO] [net.minecraft.server.MinecraftServer/]: Generating keypair
[11Jun2025 09:00:13.787] [Server thread/WARN] [net.neoforged.fml.config.ConfigTracker/CONFIG]: Configuration file /home/trhod17/Desktop/modding/flowerseeds2-1.21.1/FlowerSeedsWorkspace/modules/FlowerSeedsAether/runs/client/config/neoforge-server.toml is not correct. Correcting
[11Jun2025 09:00:13.803] [Server thread/WARN] [net.neoforged.fml.config.ConfigTracker/CONFIG]: Configuration file /home/trhod17/Desktop/modding/flowerseeds2-1.21.1/FlowerSeedsWorkspace/modules/FlowerSeedsAether/runs/client/config/aether-server.toml is not correct. Correcting
[11Jun2025 09:00:14.090] [Server thread/INFO] [net.minecraft.server.MinecraftServer/]: Preparing start region for dimension minecraft:overworld
[11Jun2025 09:00:14.112] [progressListener/INFO] [net.minecraft.server.level.progress.LoggerChunkProgressListener/]: Preparing spawn area: 2%
[11Jun2025 09:00:14.359] [Server thread/INFO] [net.neoforged.neoforge.server.permission.PermissionAPI/]: Successfully initialized permission handler neoforge:default_handler
[11Jun2025 09:00:14.365] [progressListener/INFO] [net.minecraft.server.level.progress.LoggerChunkProgressListener/]: Time elapsed: 269 ms
[11Jun2025 09:00:14.375] [Server thread/INFO] [net.minecraft.client.server.IntegratedServer/]: Changing view distance to 12, from 10
[11Jun2025 09:00:14.375] [Server thread/INFO] [net.minecraft.client.server.IntegratedServer/]: Changing simulation distance to 12, from 0
[11Jun2025 09:00:14.593] [Netty Server IO #1/INFO] [owo/]: [Handshake] Sending channel packet
[11Jun2025 09:00:14.602] [Render thread/INFO] [owo/]: [Handshake] Sending client channels
[11Jun2025 09:00:14.622] [Server thread/INFO] [owo/]: [Handshake] Receiving client channels
[11Jun2025 09:00:14.622] [Server thread/INFO] [owo/]: [Handshake] Handshake completed successfully
[11Jun2025 09:00:14.815] [Server thread/INFO] [net.minecraft.server.players.PlayerList/]: Dev[local:E:8fbde455] logged in with entity id 1 at (-5.5, 56.0, 2.5)
[11Jun2025 09:00:14.818] [Server thread/INFO] [owo/]: Sending server config values to client
[11Jun2025 09:00:14.862] [Server thread/INFO] [net.minecraft.server.MinecraftServer/]: Dev joined the game
[11Jun2025 09:00:15.030] [Render thread/INFO] [owo/]: Applying server overrides
[11Jun2025 09:00:15.030] [Render thread/INFO] [owo/]: Responding with client values
[11Jun2025 09:00:15.030] [Server thread/INFO] [owo/]: Receiving client config
[11Jun2025 09:00:15.054] [Render thread/INFO] [net.minecraft.advancements.AdvancementTree/]: Loaded 2 advancements
[11Jun2025 09:01:32.717] [Render thread/INFO] [net.minecraft.advancements.AdvancementTree/]: Loaded 6 advancements
[11Jun2025 09:01:36.849] [Server thread/INFO] [net.minecraft.server.MinecraftServer/]: Dev has completed the challenge [Serious Dedication]
[11Jun2025 09:01:36.855] [Render thread/INFO] [net.minecraft.client.gui.components.ChatComponent/]: [System] [CHAT] Dev has completed the challenge [Serious Dedication]
[11Jun2025 09:01:36.870] [Render thread/INFO] [net.minecraft.advancements.AdvancementTree/]: Loaded 10 advancements
[11Jun2025 09:01:51.665] [Render thread/INFO] [net.minecraft.advancements.AdvancementTree/]: Loaded 12 advancements
[11Jun2025 09:01:55.561] [Server thread/INFO] [net.minecraft.client.server.IntegratedServer/]: Saving and pausing game...
[11Jun2025 09:01:55.837] [Server thread/INFO] [net.minecraft.server.MinecraftServer/]: Saving chunks for level 'ServerLevel[New World]'/minecraft:overworld
[11Jun2025 09:01:55.842] [Server thread/INFO] [net.minecraft.server.MinecraftServer/]: Saving chunks for level 'ServerLevel[New World]'/minecraft:the_nether
[11Jun2025 09:01:55.861] [Server thread/INFO] [net.minecraft.server.MinecraftServer/]: Saving chunks for level 'ServerLevel[New World]'/aether:the_aether
[11Jun2025 09:01:55.861] [Server thread/INFO] [net.minecraft.server.MinecraftServer/]: Saving chunks for level 'ServerLevel[New World]'/minecraft:the_end
[11Jun2025 09:02:13.614] [Render thread/INFO] [net.minecraft.advancements.AdvancementTree/]: Loaded 22 advancements
[11Jun2025 09:02:18.711] [Server thread/INFO] [net.minecraft.client.server.IntegratedServer/]: Saving and pausing game...
[11Jun2025 09:02:18.905] [Server thread/INFO] [net.minecraft.server.MinecraftServer/]: Saving chunks for level 'ServerLevel[New World]'/minecraft:overworld
[11Jun2025 09:02:18.906] [Server thread/INFO] [net.minecraft.server.MinecraftServer/]: Saving chunks for level 'ServerLevel[New World]'/minecraft:the_nether
[11Jun2025 09:02:18.912] [Server thread/INFO] [net.minecraft.server.MinecraftServer/]: Saving chunks for level 'ServerLevel[New World]'/aether:the_aether
[11Jun2025 09:02:18.912] [Server thread/INFO] [net.minecraft.server.MinecraftServer/]: Saving chunks for level 'ServerLevel[New World]'/minecraft:the_end
[11Jun2025 09:02:19.363] [Render thread/INFO] [net.minecraft.client.Minecraft/]: Stopping!
[11Jun2025 09:02:19.413] [Server thread/INFO] [net.minecraft.server.network.ServerGamePacketListenerImpl/]: Dev lost connection: Disconnected
[11Jun2025 09:02:19.413] [Server thread/INFO] [net.minecraft.server.MinecraftServer/]: Dev left the game
[11Jun2025 09:02:19.592] [Server thread/INFO] [net.minecraft.server.network.ServerCommonPacketListenerImpl/]: Stopping singleplayer server as player logged out
[11Jun2025 09:02:19.620] [Server thread/INFO] [net.minecraft.server.MinecraftServer/]: Stopping server
[11Jun2025 09:02:19.620] [Server thread/INFO] [net.minecraft.server.MinecraftServer/]: Saving players
[11Jun2025 09:02:19.620] [Server thread/INFO] [net.minecraft.server.MinecraftServer/]: Saving worlds
[11Jun2025 09:02:19.947] [Server thread/INFO] [net.minecraft.server.MinecraftServer/]: Saving chunks for level 'ServerLevel[New World]'/minecraft:overworld
[11Jun2025 09:02:20.267] [Server thread/INFO] [net.minecraft.server.MinecraftServer/]: Saving chunks for level 'ServerLevel[New World]'/minecraft:the_nether
[11Jun2025 09:02:20.315] [Server thread/INFO] [net.minecraft.server.MinecraftServer/]: Saving chunks for level 'ServerLevel[New World]'/aether:the_aether
[11Jun2025 09:02:20.348] [Server thread/INFO] [net.minecraft.server.MinecraftServer/]: Saving chunks for level 'ServerLevel[New World]'/minecraft:the_end
[11Jun2025 09:02:20.474] [Server thread/INFO] [net.minecraft.server.MinecraftServer/]: ThreadedAnvilChunkStorage (New World): All chunks are saved
[11Jun2025 09:02:20.474] [Server thread/INFO] [net.minecraft.server.MinecraftServer/]: ThreadedAnvilChunkStorage (DIM-1): All chunks are saved
[11Jun2025 09:02:20.474] [Server thread/INFO] [net.minecraft.server.MinecraftServer/]: ThreadedAnvilChunkStorage (the_aether): All chunks are saved
[11Jun2025 09:02:20.474] [Server thread/INFO] [net.minecraft.server.MinecraftServer/]: ThreadedAnvilChunkStorage (DIM1): All chunks are saved
[11Jun2025 09:02:20.474] [Server thread/INFO] [net.minecraft.server.MinecraftServer/]: ThreadedAnvilChunkStorage: All dimensions are saved
